[22/02/2015 - 10:50:51] : Iniciando a execução do TP1
[22/02/2015 - 10:50:51] : Ola Mundo
[22/02/2015 - 10:50:56] : Finalizando a execução do TP1
[22/02/2015 - 10:50:56] : ***** Dados da execucao *****
[22/02/2015 - 10:50:56] : Data/Hora de Inicio: 22/02/2015 - 10:50:51
[22/02/2015 - 10:50:56] : Data/Hora de Termino: 22/02/2015 - 10:50:56
[22/02/2015 - 10:50:56] : Duracao: 00h:00m:05s
[22/02/2015 - 10:50:56] : Everything is gonna be alright
[22/02/2015 - 10:57:36] : Iniciando a execução do TP1
[22/02/2015 - 10:57:36] : Ola Mundo
[22/02/2015 - 10:57:41] : Finalizando a execução do TP1
[22/02/2015 - 10:57:41] : ***** Dados da execucao *****
[22/02/2015 - 10:57:41] : Data/Hora de Inicio: 22/02/2015 - 10:57:36
[22/02/2015 - 10:57:41] : Data/Hora de Termino: 22/02/2015 - 10:57:41
[22/02/2015 - 10:57:41] : Duracao: 00h:00m:05s
[22/02/2015 - 10:57:41] : Everything is gonna be alright
[22/02/2015 - 19:43:27] : Iniciando a execução do TP1
[22/02/2015 - 19:43:27] : Ola Mundo
[22/02/2015 - 19:43:32] : Finalizando a execução do TP1
[22/02/2015 - 19:43:32] : ***** Dados da execucao *****
[22/02/2015 - 19:43:32] : Data/Hora de Inicio: 22/02/2015 - 19:43:27
[22/02/2015 - 19:43:32] : Data/Hora de Termino: 22/02/2015 - 19:43:32
[22/02/2015 - 19:43:32] : Duracao: 00h:00m:05s
[22/02/2015 - 19:43:32] : Everything is gonna be alright
