[01/03/2015 - 20:11:49] : Iniciando a execução do TP1
[01/03/2015 - 20:11:49] : Ola Mundo
[01/03/2015 - 20:11:59] : Finalizando a execução do TP1
[01/03/2015 - 20:11:59] : ***** Dados da execucao *****
[01/03/2015 - 20:11:59] : Data/Hora de Inicio: 01/03/2015 - 20:11:49
[01/03/2015 - 20:11:59] : Data/Hora de Termino: 01/03/2015 - 20:11:59
[01/03/2015 - 20:11:59] : Duracao: 00h:00m:10s
[01/03/2015 - 20:15:54] : Iniciando a execução do TP1
[01/03/2015 - 20:15:54] : Ola Mundo
[01/03/2015 - 20:16:04] : Finalizando a execução do TP1
[01/03/2015 - 20:16:04] : ***** Dados da execucao *****
[01/03/2015 - 20:16:04] : Data/Hora de Inicio: 01/03/2015 - 20:15:54
[01/03/2015 - 20:16:04] : Data/Hora de Termino: 01/03/2015 - 20:16:04
[01/03/2015 - 20:16:04] : Duracao: 00h:00m:10s
[03/03/2015 - 19:51:40] : Iniciando a execução do TP1
[03/03/2015 - 19:51:40] : Ola Mundo
[03/03/2015 - 19:51:55] : Finalizando a execução do TP1
[03/03/2015 - 19:51:55] : ***** Dados da execucao *****
[03/03/2015 - 19:51:55] : Data/Hora de Inicio: 03/03/2015 - 19:51:40
[03/03/2015 - 19:51:55] : Data/Hora de Termino: 03/03/2015 - 19:51:55
[03/03/2015 - 19:51:55] : Duracao: 00h:00m:15s
[03/03/2015 - 19:54:10] : Iniciando a execução do TP1
[03/03/2015 - 19:54:10] : Ola Mundo
[03/03/2015 - 19:54:25] : Finalizando a execução do TP1
[03/03/2015 - 19:54:25] : ***** Dados da execucao *****
[03/03/2015 - 19:54:25] : Data/Hora de Inicio: 03/03/2015 - 19:54:10
[03/03/2015 - 19:54:25] : Data/Hora de Termino: 03/03/2015 - 19:54:25
[03/03/2015 - 19:54:25] : Duracao: 00h:00m:15s
[03/03/2015 - 20:09:15] : Iniciando a execução do TP1
[03/03/2015 - 20:09:15] : Ola Mundo
[03/03/2015 - 20:09:30] : Finalizando a execução do TP1
[03/03/2015 - 20:09:30] : ***** Dados da execucao *****
[03/03/2015 - 20:09:30] : Data/Hora de Inicio: 03/03/2015 - 20:09:15
[03/03/2015 - 20:09:30] : Data/Hora de Termino: 03/03/2015 - 20:09:30
[03/03/2015 - 20:09:30] : Duracao: 00h:00m:15s
[03/03/2015 - 20:13:38] : Iniciando a execução do TP1
[03/03/2015 - 20:13:38] : Ola Mundo
[03/03/2015 - 20:13:53] : Finalizando a execução do TP1
[03/03/2015 - 20:13:53] : ***** Dados da execucao *****
[03/03/2015 - 20:13:53] : Data/Hora de Inicio: 03/03/2015 - 20:13:38
[03/03/2015 - 20:13:53] : Data/Hora de Termino: 03/03/2015 - 20:13:53
[03/03/2015 - 20:13:53] : Duracao: 00h:00m:15s
